app/build/intermediates/manifest_merge_blame_file/release/manifest-merger-blame-release-report.txt
1<?xml version="1.0" encoding="utf-8"?>
2<!--
3    Copyright 2019 Google Inc. All Rights Reserved.
4
5     Licensed under the Apache License, Version 2.0 (the "License");
6     you may not use this file except in compliance with the License.
7     You may obtain a copy of the License at
8
9         http://www.apache.org/licenses/LICENSE-2.0
10
11     Unless required by applicable law or agreed to in writing, software
12     distributed under the License is distributed on an "AS IS" BASIS,
13     WITHOUT WARRANTIES OR CONDITIONS OF ANY KIND, either express or implied.
14     See the License for the specific language governing permissions and
15     limitations under the License.
16-->
17<!--
18 The "package" attribute is rewritten by the Gradle build with the value of applicationId.
19     It is still required here, as it is used to derive paths, for instance when referring
20     to an Activity by ".MyActivity" instead of the full name. If more Activities are added to the
21     application, the package attribute will need to reflect the correct path in order to use
22     the abbreviated format.
23-->
24<manifest xmlns:android="http://schemas.android.com/apk/res/android"
25    package="com.githubusercontent.raw.twa"
26    android:versionCode="1"
27    android:versionName="1" >
28
29    <uses-sdk
30        android:minSdkVersion="19"
30-->src/main/AndroidManifest.xml
31        android:targetSdkVersion="33" />
31-->src/main/AndroidManifest.xml
32
33    <uses-permission android:name="android.permission.POST_NOTIFICATIONS" />
33-->src/main/AndroidManifest.xml:26:9-80
33-->src/main/AndroidManifest.xml:26:26-78
34
35    <queries>
35-->[com.google.androidbrowserhelper:androidbrowserhelper:2.5.0] AndroidManifest.xml:26:5-34:15
36        <intent>
36-->[com.google.androidbrowserhelper:androidbrowserhelper:2.5.0] AndroidManifest.xml:27:9-33:18
37            <action android:name="android.intent.action.VIEW" />
37-->src/main/AndroidManifest.xml:140:17-68
37-->src/main/AndroidManifest.xml:140:25-66
38
39            <category android:name="android.intent.category.BROWSABLE" />
39-->src/main/AndroidManifest.xml:142:17-77
39-->src/main/AndroidManifest.xml:142:27-75
40
41            <data android:scheme="https" />
41-->src/main/AndroidManifest.xml:143:17-144:54
41-->src/main/AndroidManifest.xml:143:23-45
42        </intent>
43    </queries>
44
45    <application
45-->src/main/AndroidManifest.xml:35:5-187:19
46        android:name="com.githubusercontent.raw.twa.Application"
46-->src/main/AndroidManifest.xml:36:9-35
47        android:allowBackup="true"
47-->src/main/AndroidManifest.xml:37:9-35
48        android:appComponentFactory="androidx.core.app.CoreComponentFactory"
48-->[androidx.core:core:1.1.0] AndroidManifest.xml:24:18-86
49        android:icon="@mipmap/ic_launcher"
49-->src/main/AndroidManifest.xml:38:9-43
50        android:label="@string/appName"
50-->src/main/AndroidManifest.xml:39:9-40
51        android:manageSpaceActivity="com.google.androidbrowserhelper.trusted.ManageDataLauncherActivity"
51-->src/main/AndroidManifest.xml:41:9-105
52        android:supportsRtl="true"
52-->src/main/AndroidManifest.xml:43:9-35
53        android:theme="@android:style/Theme.Translucent.NoTitleBar" >
53-->src/main/AndroidManifest.xml:44:9-68
54        <meta-data
54-->src/main/AndroidManifest.xml:46:9-48:58
55            android:name="asset_statements"
55-->src/main/AndroidManifest.xml:47:13-44
56            android:resource="@string/assetStatements" />
56-->src/main/AndroidManifest.xml:48:13-55
57        <meta-data
57-->src/main/AndroidManifest.xml:51:13-53:58
58            android:name="web_manifest_url"
58-->src/main/AndroidManifest.xml:52:17-48
59            android:value="@string/webManifestUrl" />
59-->src/main/AndroidManifest.xml:53:17-55
60        <meta-data
60-->src/main/AndroidManifest.xml:56:9-58:52
61            android:name="twa_generator"
61-->src/main/AndroidManifest.xml:57:13-41
62            android:value="@string/generatorApp" />
62-->src/main/AndroidManifest.xml:58:13-49
63
64        <activity android:name="com.google.androidbrowserhelper.trusted.ManageDataLauncherActivity" >
64-->src/main/AndroidManifest.xml:65:13-69:24
64-->src/main/AndroidManifest.xml:65:23-104
65            <meta-data
65-->src/main/AndroidManifest.xml:66:13-68:53
66                android:name="android.support.customtabs.trusted.MANAGE_SPACE_URL"
66-->src/main/AndroidManifest.xml:67:17-83
67                android:value="@string/launchUrl" />
67-->src/main/AndroidManifest.xml:68:17-50
68        </activity>
69        <activity
69-->src/main/AndroidManifest.xml:72:9-148:20
70            android:name="com.githubusercontent.raw.twa.LauncherActivity"
70-->src/main/AndroidManifest.xml:72:19-50
71            android:alwaysRetainTaskState="true"
71-->src/main/AndroidManifest.xml:73:13-49
72            android:exported="true"
72-->src/main/AndroidManifest.xml:75:13-36
73            android:label="@string/launcherName" >
73-->src/main/AndroidManifest.xml:74:13-49
74            <meta-data
74-->src/main/AndroidManifest.xml:76:13-77:53
75                android:name="android.support.customtabs.trusted.DEFAULT_URL"
75-->src/main/AndroidManifest.xml:76:24-85
76                android:value="@string/launchUrl" />
76-->src/main/AndroidManifest.xml:77:17-50
77            <meta-data
77-->src/main/AndroidManifest.xml:79:13-81:58
78                android:name="android.support.customtabs.trusted.STATUS_BAR_COLOR"
78-->src/main/AndroidManifest.xml:80:17-83
79                android:resource="@color/colorPrimary" />
79-->src/main/AndroidManifest.xml:81:17-55
80            <meta-data
80-->src/main/AndroidManifest.xml:83:13-85:62
81                android:name="android.support.customtabs.trusted.STATUS_BAR_COLOR_DARK"
81-->src/main/AndroidManifest.xml:84:17-88
82                android:resource="@color/colorPrimaryDark" />
82-->src/main/AndroidManifest.xml:85:17-59
83            <meta-data
83-->src/main/AndroidManifest.xml:87:13-89:61
84                android:name="android.support.customtabs.trusted.NAVIGATION_BAR_COLOR"
84-->src/main/AndroidManifest.xml:88:17-87
85                android:resource="@color/navigationColor" />
85-->src/main/AndroidManifest.xml:89:17-58
86            <meta-data
86-->src/main/AndroidManifest.xml:91:13-93:65
87                android:name="android.support.customtabs.trusted.NAVIGATION_BAR_COLOR_DARK"
87-->src/main/AndroidManifest.xml:92:17-92
88                android:resource="@color/navigationColorDark" />
88-->src/main/AndroidManifest.xml:93:17-62
89            <meta-data
89-->src/main/AndroidManifest.xml:95:13-97:68
90                android:name="androix.browser.trusted.NAVIGATION_BAR_DIVIDER_COLOR"
90-->src/main/AndroidManifest.xml:96:17-84
91                android:resource="@color/navigationDividerColor" />
91-->src/main/AndroidManifest.xml:97:17-65
92            <meta-data
92-->src/main/AndroidManifest.xml:99:13-101:72
93                android:name="androix.browser.trusted.NAVIGATION_BAR_DIVIDER_COLOR_DARK"
93-->src/main/AndroidManifest.xml:100:17-89
94                android:resource="@color/navigationDividerColorDark" />
94-->src/main/AndroidManifest.xml:101:17-69
95            <meta-data
95-->src/main/AndroidManifest.xml:103:13-104:54
96                android:name="android.support.customtabs.trusted.SPLASH_IMAGE_DRAWABLE"
96-->src/main/AndroidManifest.xml:103:24-95
97                android:resource="@drawable/splash" />
97-->src/main/AndroidManifest.xml:104:17-52
98            <meta-data
98-->src/main/AndroidManifest.xml:106:13-107:60
99                android:name="android.support.customtabs.trusted.SPLASH_SCREEN_BACKGROUND_COLOR"
99-->src/main/AndroidManifest.xml:106:24-104
100                android:resource="@color/backgroundColor" />
100-->src/main/AndroidManifest.xml:107:17-58
101            <meta-data
101-->src/main/AndroidManifest.xml:109:13-110:71
102                android:name="android.support.customtabs.trusted.SPLASH_SCREEN_FADE_OUT_DURATION"
102-->src/main/AndroidManifest.xml:109:24-105
103                android:value="@integer/splashScreenFadeOutDuration" />
103-->src/main/AndroidManifest.xml:110:17-69
104            <meta-data
104-->src/main/AndroidManifest.xml:112:13-113:60
105                android:name="android.support.customtabs.trusted.FILE_PROVIDER_AUTHORITY"
105-->src/main/AndroidManifest.xml:112:24-97
106                android:value="@string/providerAuthority" />
106-->src/main/AndroidManifest.xml:113:17-58
107            <meta-data
107-->src/main/AndroidManifest.xml:115:13-97
108                android:name="android.app.shortcuts"
108-->src/main/AndroidManifest.xml:115:24-60
109                android:resource="@xml/shortcuts" />
109-->src/main/AndroidManifest.xml:115:61-94
110            <meta-data
110-->src/main/AndroidManifest.xml:117:13-118:56
111                android:name="android.support.customtabs.trusted.FALLBACK_STRATEGY"
111-->src/main/AndroidManifest.xml:117:24-91
112                android:value="@string/fallbackType" />
112-->src/main/AndroidManifest.xml:118:17-53
113            <meta-data
113-->src/main/AndroidManifest.xml:123:13-124:45
114                android:name="android.support.customtabs.trusted.DISPLAY_MODE"
114-->src/main/AndroidManifest.xml:123:24-86
115                android:value="immersive" />
115-->src/main/AndroidManifest.xml:124:17-42
116            <meta-data
116-->src/main/AndroidManifest.xml:127:13-128:54
117                android:name="android.support.customtabs.trusted.SCREEN_ORIENTATION"
117-->src/main/AndroidManifest.xml:127:24-92
118                android:value="@string/orientation" />
118-->src/main/AndroidManifest.xml:128:17-52
119
120            <intent-filter>
120-->src/main/AndroidManifest.xml:134:13-137:29
121                <action android:name="android.intent.action.MAIN" />
121-->src/main/AndroidManifest.xml:135:17-69
121-->src/main/AndroidManifest.xml:135:25-66
122
123                <category android:name="android.intent.category.LAUNCHER" />
123-->src/main/AndroidManifest.xml:136:17-77
123-->src/main/AndroidManifest.xml:136:27-74
124            </intent-filter>
125            <intent-filter android:autoVerify="true" >
125-->src/main/AndroidManifest.xml:139:13-145:29
125-->src/main/AndroidManifest.xml:139:28-53
126                <action android:name="android.intent.action.VIEW" />
126-->src/main/AndroidManifest.xml:140:17-68
126-->src/main/AndroidManifest.xml:140:25-66
127
128                <category android:name="android.intent.category.DEFAULT" />
128-->src/main/AndroidManifest.xml:141:17-76
128-->src/main/AndroidManifest.xml:141:27-73
129                <category android:name="android.intent.category.BROWSABLE" />
129-->src/main/AndroidManifest.xml:142:17-77
129-->src/main/AndroidManifest.xml:142:27-75
130
131                <data
131-->src/main/AndroidManifest.xml:143:17-144:54
132                    android:host="@string/hostName"
132-->src/main/AndroidManifest.xml:144:21-52
133                    android:scheme="https" />
133-->src/main/AndroidManifest.xml:143:23-45
134            </intent-filter>
135        </activity>
136        <activity android:name="com.google.androidbrowserhelper.trusted.FocusActivity" />
136-->src/main/AndroidManifest.xml:150:9-90
136-->src/main/AndroidManifest.xml:150:19-87
137        <activity
137-->src/main/AndroidManifest.xml:152:9-153:62
138            android:name="com.google.androidbrowserhelper.trusted.WebViewFallbackActivity"
138-->src/main/AndroidManifest.xml:152:19-97
139            android:configChanges="orientation|screenSize" />
139-->src/main/AndroidManifest.xml:153:13-59
140
141        <provider
141-->src/main/AndroidManifest.xml:155:9-163:20
142            android:name="androidx.core.content.FileProvider"
142-->src/main/AndroidManifest.xml:156:13-62
143            android:authorities="@string/providerAuthority"
143-->src/main/AndroidManifest.xml:157:13-60
144            android:exported="false"
144-->src/main/AndroidManifest.xml:159:13-37
145            android:grantUriPermissions="true" >
145-->src/main/AndroidManifest.xml:158:13-47
146            <meta-data
146-->src/main/AndroidManifest.xml:160:13-162:53
147                android:name="android.support.FILE_PROVIDER_PATHS"
147-->src/main/AndroidManifest.xml:161:17-67
148                android:resource="@xml/filepaths" />
148-->src/main/AndroidManifest.xml:162:17-50
149        </provider>
150
151        <service
151-->src/main/AndroidManifest.xml:165:9-180:19
152            android:name="com.githubusercontent.raw.twa.DelegationService"
152-->src/main/AndroidManifest.xml:166:13-46
153            android:enabled="@bool/enableNotification"
153-->src/main/AndroidManifest.xml:167:13-55
154            android:exported="@bool/enableNotification" >
154-->src/main/AndroidManifest.xml:168:13-56
155            <meta-data
155-->src/main/AndroidManifest.xml:171:17-173:73
156                android:name="android.support.customtabs.trusted.SMALL_ICON"
156-->src/main/AndroidManifest.xml:172:21-81
157                android:resource="@drawable/ic_notification_icon" />
157-->src/main/AndroidManifest.xml:173:21-70
158
159            <intent-filter>
159-->src/main/AndroidManifest.xml:176:13-179:29
160                <action android:name="android.support.customtabs.trusted.TRUSTED_WEB_ACTIVITY_SERVICE" />
160-->src/main/AndroidManifest.xml:177:17-105
160-->src/main/AndroidManifest.xml:177:25-103
161
162                <category android:name="android.intent.category.DEFAULT" />
162-->src/main/AndroidManifest.xml:141:17-76
162-->src/main/AndroidManifest.xml:141:27-73
163            </intent-filter>
164        </service>
165
166        <activity android:name="com.google.androidbrowserhelper.trusted.NotificationPermissionRequestActivity" />
166-->src/main/AndroidManifest.xml:183:13-118
166-->src/main/AndroidManifest.xml:183:23-115
167    </application>
168
169</manifest>